/usr/local/opt/llvm/bin/lli

###### Testing test-add1
./ap_plusplus.native tests/test-add1.mc > test-add1.ll
Fatal error: exception Failure("unrecognized function print")
###### FAILED

###### Testing test-arith1
./ap_plusplus.native tests/test-arith1.mc > test-arith1.ll
/usr/local/opt/llvm/bin/llc -relocation-model=pic test-arith1.ll > test-arith1.s
cc -o test-arith1.exe test-arith1.s printbig.o
./test-arith1.exe
diff -b test-arith1.out tests/test-arith1.out > test-arith1.diff
###### SUCCESS

###### Testing test-arith2
./ap_plusplus.native tests/test-arith2.mc > test-arith2.ll
/usr/local/opt/llvm/bin/llc -relocation-model=pic test-arith2.ll > test-arith2.s
cc -o test-arith2.exe test-arith2.s printbig.o
./test-arith2.exe
diff -b test-arith2.out tests/test-arith2.out > test-arith2.diff
###### SUCCESS

###### Testing test-arith3
./ap_plusplus.native tests/test-arith3.mc > test-arith3.ll
/usr/local/opt/llvm/bin/llc -relocation-model=pic test-arith3.ll > test-arith3.s
cc -o test-arith3.exe test-arith3.s printbig.o
./test-arith3.exe
diff -b test-arith3.out tests/test-arith3.out > test-arith3.diff
###### SUCCESS

###### Testing test-fib
./ap_plusplus.native tests/test-fib.mc > test-fib.ll
/usr/local/opt/llvm/bin/llc -relocation-model=pic test-fib.ll > test-fib.s
cc -o test-fib.exe test-fib.s printbig.o
./test-fib.exe
diff -b test-fib.out tests/test-fib.out > test-fib.diff
###### SUCCESS

###### Testing test-float1
./ap_plusplus.native tests/test-float1.mc > test-float1.ll
/usr/local/opt/llvm/bin/llc -relocation-model=pic test-float1.ll > test-float1.s
cc -o test-float1.exe test-float1.s printbig.o
./test-float1.exe
diff -b test-float1.out tests/test-float1.out > test-float1.diff
###### SUCCESS

###### Testing test-float2
./ap_plusplus.native tests/test-float2.mc > test-float2.ll
Fatal error: exception Stdlib.Parsing.Parse_error
###### FAILED

###### Testing test-float3
./ap_plusplus.native tests/test-float3.mc > test-float3.ll
/usr/local/opt/llvm/bin/llc -relocation-model=pic test-float3.ll > test-float3.s
cc -o test-float3.exe test-float3.s printbig.o
./test-float3.exe
diff -b test-float3.out tests/test-float3.out > test-float3.diff
###### SUCCESS

###### Testing test-for1
./ap_plusplus.native tests/test-for1.mc > test-for1.ll
/usr/local/opt/llvm/bin/llc -relocation-model=pic test-for1.ll > test-for1.s
cc -o test-for1.exe test-for1.s printbig.o
./test-for1.exe
diff -b test-for1.out tests/test-for1.out > test-for1.diff
###### SUCCESS

###### Testing test-for2
./ap_plusplus.native tests/test-for2.mc > test-for2.ll
Fatal error: exception Failure("unrecognized function print")
###### FAILED

###### Testing test-func1
./ap_plusplus.native tests/test-func1.mc > test-func1.ll
/usr/local/opt/llvm/bin/llc -relocation-model=pic test-func1.ll > test-func1.s
cc -o test-func1.exe test-func1.s printbig.o
./test-func1.exe
diff -b test-func1.out tests/test-func1.out > test-func1.diff
###### SUCCESS

###### Testing test-func2
./ap_plusplus.native tests/test-func2.mc > test-func2.ll
/usr/local/opt/llvm/bin/llc -relocation-model=pic test-func2.ll > test-func2.s
cc -o test-func2.exe test-func2.s printbig.o
./test-func2.exe
diff -b test-func2.out tests/test-func2.out > test-func2.diff
###### SUCCESS

###### Testing test-func3
./ap_plusplus.native tests/test-func3.mc > test-func3.ll
/usr/local/opt/llvm/bin/llc -relocation-model=pic test-func3.ll > test-func3.s
cc -o test-func3.exe test-func3.s printbig.o
./test-func3.exe
diff -b test-func3.out tests/test-func3.out > test-func3.diff
###### SUCCESS

###### Testing test-func4
./ap_plusplus.native tests/test-func4.mc > test-func4.ll
/usr/local/opt/llvm/bin/llc -relocation-model=pic test-func4.ll > test-func4.s
cc -o test-func4.exe test-func4.s printbig.o
./test-func4.exe
diff -b test-func4.out tests/test-func4.out > test-func4.diff
###### SUCCESS

###### Testing test-func5
./ap_plusplus.native tests/test-func5.mc > test-func5.ll
/usr/local/opt/llvm/bin/llc -relocation-model=pic test-func5.ll > test-func5.s
cc -o test-func5.exe test-func5.s printbig.o
./test-func5.exe
diff -b test-func5.out tests/test-func5.out > test-func5.diff
###### SUCCESS

###### Testing test-func6
./ap_plusplus.native tests/test-func6.mc > test-func6.ll
Fatal error: exception Failure("unrecognized function print")
###### FAILED

###### Testing test-func7
./ap_plusplus.native tests/test-func7.mc > test-func7.ll
/usr/local/opt/llvm/bin/llc -relocation-model=pic test-func7.ll > test-func7.s
cc -o test-func7.exe test-func7.s printbig.o
./test-func7.exe
diff -b test-func7.out tests/test-func7.out > test-func7.diff
###### SUCCESS

###### Testing test-func8
./ap_plusplus.native tests/test-func8.mc > test-func8.ll
/usr/local/opt/llvm/bin/llc -relocation-model=pic test-func8.ll > test-func8.s
